<?xml version="1.0" encoding="utf-8"?><testsuites name="pytest tests"><testsuite name="pytest" errors="0" failures="0" skipped="0" tests="95" time="89.479" timestamp="2026-09-16T06:37:48.938861+00:00" hostname="localhost"><testcase classname="tests.test_backend" name="test_auth_required[/api/state]" time="0.626" /><testcase classname="tests.test_backend" name="test_auth_required[/api/runners]" time="0.605" /><testcase classname="tests.test_backend" name="test_auth_required[/api/runs]" time="0.606" /><testcase classname="tests.test_backend" name="test_auth_required[/api/export]" time="0.605" /><testcase classname="tests.test_backend" name="test_auth_required[/api/search?q=test]" time="0.605" /><testcase classname="tests.test_backend" name="test_auth_required[/api/audit]" time="0.605" /><testcase classname="tests.test_backend" name="test_auth_required[/v1/models]" time="0.605" /><testcase classname="tests.test_backend" name="test_health_and_self_contained_html" time="0.605" /><testcase classname="tests.test_backend" name="test_origin_host_guard[headers0]" time="0.605" /><testcase classname="tests.test_backend" name="test_origin_host_guard[headers1]" time="0.606" /><testcase classname="tests.test_backend" name="test_origin_host_guard[headers2]" time="0.608" /><testcase classname="tests.test_backend" name="test_origin_host_guard[headers3]" time="0.606" /><testcase classname="tests.test_backend" name="test_private_paths_not_served[/../../etc/passwd]" time="0.606" /><testcase classname="tests.test_backend" name="test_private_paths_not_served[/runners.json]" time="0.606" /><testcase classname="tests.test_backend" name="test_private_paths_not_served[/access-token]" time="0.606" /><testcase classname="tests.test_backend" name="test_private_paths_not_served[/web/seed.json]" time="0.606" /><testcase classname="tests.test_backend" name="test_private_paths_not_served[/api/runs/unknown]" time="0.608" /><testcase classname="tests.test_backend" name="test_private_paths_not_served[/api/collections/unknown]" time="0.605" /><testcase classname="tests.test_backend" name="test_login_logout_http_only_no_browser_secrets" time="0.605" /><testcase classname="tests.test_backend" name="test_bad_json_and_methods" time="0.605" /><testcase classname="tests.test_backend" name="test_rate_limit" time="0.605" /><testcase classname="tests.test_backend" name="test_revision_compare_and_swap" time="0.606" /><testcase classname="tests.test_backend" name="test_invalid_import_atomic[&lt;lambda&gt;0]" time="0.605" /><testcase classname="tests.test_backend" name="test_invalid_import_atomic[&lt;lambda&gt;1]" time="0.605" /><testcase classname="tests.test_backend" name="test_invalid_import_atomic[&lt;lambda&gt;2]" time="0.606" /><testcase classname="tests.test_backend" name="test_invalid_import_atomic[&lt;lambda&gt;3]" time="0.606" /><testcase classname="tests.test_backend" name="test_invalid_import_atomic[&lt;lambda&gt;4]" time="0.612" /><testcase classname="tests.test_backend" name="test_invalid_import_atomic[&lt;lambda&gt;5]" time="0.605" /><testcase classname="tests.test_backend" name="test_collections_crud" time="0.604" /><testcase classname="tests.test_backend" name="test_real_process_unicode_stream_persistence" time="1.209" /><testcase classname="tests.test_backend" name="test_sse_replay_last_event_id" time="1.713" /><testcase classname="tests.test_backend" name="test_history_and_model_switch" time="2.256" /><testcase classname="tests.test_backend" name="test_agent_project_documents_skills_context" time="1.618" /><testcase classname="tests.test_backend" name="test_text_upload_search_download" time="1.709" /><testcase classname="tests.test_backend" name="test_bad_runs_fail_explicitly[patch0-503]" time="0.607" /><testcase classname="tests.test_backend" name="test_bad_runs_fail_explicitly[patch1-503]" time="0.605" /><testcase classname="tests.test_backend" name="test_bad_runs_fail_explicitly[patch2-503]" time="0.605" /><testcase classname="tests.test_backend" name="test_bad_runs_fail_explicitly[patch3-422]" time="0.605" /><testcase classname="tests.test_backend" name="test_bad_runs_fail_explicitly[patch4-422]" time="0.604" /><testcase classname="tests.test_backend" name="test_bad_runs_fail_explicitly[patch5-422]" time="0.606" /><testcase classname="tests.test_backend" name="test_bad_runs_fail_explicitly[patch6-422]" time="0.607" /><testcase classname="tests.test_backend" name="test_bad_runs_fail_explicitly[patch7-422]" time="0.606" /><testcase classname="tests.test_backend" name="test_bad_runs_fail_explicitly[patch8-404]" time="0.617" /><testcase classname="tests.test_backend" name="test_bad_runs_fail_explicitly[patch9-404]" time="0.621" /><testcase classname="tests.test_backend" name="test_bad_runs_fail_explicitly[patch10-422]" time="0.622" /><testcase classname="tests.test_backend" name="test_bad_runs_fail_explicitly[patch11-422]" time="0.607" /><testcase classname="tests.test_backend" name="test_idempotent_submission" time="2.209" /><testcase classname="tests.test_backend" name="test_same_chat_lock_and_active_state_protection" time="2.207" /><testcase classname="tests.test_backend" name="test_concurrency_bounded_two" time="5.217" /><testcase classname="tests.test_backend" name="test_failure_modes_not_fake_success[[FAIL]-Exit 7]" time="1.206" /><testcase classname="tests.test_backend" name="test_failure_modes_not_fake_success[[ERROR]-explicit fixture error]" time="1.216" /><testcase classname="tests.test_backend" name="test_failure_modes_not_fake_success[[EMPTY]-keinen Antworttext]" time="1.633" /><testcase classname="tests.test_backend" name="test_failure_modes_not_fake_success[[MALFORMED]-keinen Antworttext]" time="1.236" /><testcase classname="tests.test_backend" name="test_failure_modes_not_fake_success[[SLEEP]-Zeitlimit]" time="4.705" /><testcase classname="tests.test_backend" name="test_failure_modes_not_fake_success[[CLOSED_PIPES]-Pipes geschlossen]" time="4.651" /><testcase classname="tests.test_backend" name="test_cancel_kills_process_and_releases_worker" time="0.606" /><testcase classname="tests.test_backend" name="test_cancel_closed_pipes_fast" time="0.625" /><testcase classname="tests.test_backend" name="test_shell_metacharacters_are_data" time="1.646" /><testcase classname="tests.test_backend" name="test_server_secret_env_not_forwarded" time="1.272" /><testcase classname="tests.test_backend" name="test_long_stdin_written_completely" time="1.215" /><testcase classname="tests.test_backend" name="test_output_limit" time="2.248" /><testcase classname="tests.test_backend" name="test_write_approval_and_reject" time="1.209" /><testcase classname="tests.test_backend" name="test_workflow_local_real_artifact" time="0.617" /><testcase classname="tests.test_backend" name="test_workflow_cli_and_approval" time="1.615" /><testcase classname="tests.test_backend" name="test_workflow_http_rejected" time="0.607" /><testcase classname="tests.test_backend" name="test_openai_compatible_nonstream" time="1.206" /><testcase classname="tests.test_backend" name="test_openai_compatible_stream" time="1.107" /><testcase classname="tests.test_backend" name="test_openai_unsupported_explicit[body0-422]" time="0.606" /><testcase classname="tests.test_backend" name="test_openai_unsupported_explicit[body1-422]" time="0.609" /><testcase classname="tests.test_backend" name="test_openai_unsupported_explicit[body2-422]" time="0.608" /><testcase classname="tests.test_backend" name="test_openai_unsupported_explicit[body3-403]" time="0.609" /><testcase classname="tests.test_backend" name="test_openai_unsupported_explicit[body4-502]" time="1.214" /><testcase classname="tests.test_backend" name="test_models_list_truthful" time="0.613" /><testcase classname="tests.test_backend" name="test_restart_persistence_and_recovery" time="1.813" /><testcase classname="tests.test_backend" name="test_cli_ask_end_to_end" time="2.329" /><testcase classname="tests.test_backend" name="test_config_private_and_registration" time="0.003" /><testcase classname="tests.test_backend" name="test_vendor_command_permissions_and_no_shell" time="0.000" /><testcase classname="tests.test_backend" name="test_vendor_decoders_no_duplicates[claude-events0-Hello]" time="0.001" /><testcase classname="tests.test_backend" name="test_vendor_decoders_no_duplicates[claude-events1-Full]" time="0.000" /><testcase classname="tests.test_backend" name="test_vendor_decoders_no_duplicates[gemini-events2-Gemini]" time="0.000" /><testcase classname="tests.test_backend" name="test_vendor_decoders_no_duplicates[codex-events3-Hi world]" time="0.001" /><testcase classname="tests.test_backend" name="test_vendor_decoders_no_duplicates[jsonl-events4-A]" time="0.000" /><testcase classname="tests.test_backend" name="test_redaction" time="0.000" /><testcase classname="tests.test_backend" name="test_attachment_available_in_followup" time="2.217" /><testcase classname="tests.test_backend" name="test_workspace_context_in_prompt" time="1.611" /><testcase classname="tests.test_backend" name="test_event_polling_matches_sse_storage" time="1.210" /><testcase classname="tests.test_backend" name="test_reject_missing_required_structures[agents-None]" time="0.605" /><testcase classname="tests.test_backend" name="test_reject_missing_required_structures[workspace-None]" time="0.606" /><testcase classname="tests.test_backend" name="test_reject_missing_required_structures[prefs-None]" time="0.605" /><testcase classname="tests.test_backend" name="test_reload_reports_real_worker_count" time="0.605" /><testcase classname="tests.test_backend" name="test_local_workspace_cwd_and_path_with_spaces" time="1.206" /><testcase classname="tests.test_backend" name="test_invalid_local_configuration[workspaces-value0]" time="0.002" /><testcase classname="tests.test_backend" name="test_invalid_local_configuration[workspaces-None]" time="0.001" /><testcase classname="tests.test_backend" name="test_invalid_local_configuration[max_concurrency-3]" time="0.001" /><testcase classname="tests.test_backend" name="test_second_server_cannot_interrupt_live_jobs" time="0.606" /></testsuite></testsuites>